<?xml version="1.0" encoding="utf-8"?><testsuites name="pytest tests"><testsuite name="pytest" errors="0" failures="0" skipped="0" tests="3" time="0.482" timestamp="2026-09-03T04:52:58.806879+00:00" hostname="agent-env-79124ac1-bee2-4d7b-9380-9d9bf9ec17e1"><testcase classname="backend.tests.test_foundation.TestHealth" name="test_health_returns_ok" time="0.168" /><testcase classname="backend.tests.test_foundation.TestHealth" name="test_api_root" time="0.114" /><testcase classname="backend.tests.test_foundation.TestDatabaseSchema" name="test_branches_and_alembic_tables_exist" time="0.062" /></testsuite></testsuites>