<?xml version="1.0" encoding="utf-8"?><testsuites name="pytest tests"><testsuite name="pytest" errors="0" failures="0" skipped="0" tests="18" time="6.017" timestamp="2026-09-03T07:03:45.200517+00:00" hostname="agent-env-79124ac1-bee2-4d7b-9380-9d9bf9ec17e1"><testcase classname="backend.tests.test_users_admin.TestAuthz" name="test_unauth_list_401" time="0.206" /><testcase classname="backend.tests.test_users_admin.TestAuthz" name="test_unauth_create_401" time="0.128" /><testcase classname="backend.tests.test_users_admin.TestAuthz" name="test_branch_admin_forbidden" time="0.773" /><testcase classname="backend.tests.test_users_admin.TestAuthz" name="test_staff_forbidden" time="0.393" /><testcase classname="backend.tests.test_users_admin.TestCreateAndList" name="test_create_returns_password_and_no_hash" time="0.642" /><testcase classname="backend.tests.test_users_admin.TestCreateAndList" name="test_list_no_hash_leak" time="0.052" /><testcase classname="backend.tests.test_users_admin.TestCreateAndList" name="test_duplicate_email_409" time="0.051" /><testcase classname="backend.tests.test_users_admin.TestCreateAndList" name="test_super_admin_role_rejected_422" time="0.050" /><testcase classname="backend.tests.test_users_admin.TestCreateAndList" name="test_no_is_superadmin_field" time="0.278" /><testcase classname="backend.tests.test_users_admin.TestSuperTargetGuard" name="test_patch_super_admin_forbidden" time="0.216" /><testcase classname="backend.tests.test_users_admin.TestMemberships" name="test_add_and_change_role" time="0.114" /><testcase classname="backend.tests.test_users_admin.TestMemberships" name="test_remove_membership" time="0.076" /><testcase classname="backend.tests.test_users_admin.TestMemberships" name="test_nonexistent_branch_400" time="0.051" /><testcase classname="backend.tests.test_users_admin.TestActivation" name="test_deactivate_blocks_login" time="0.405" /><testcase classname="backend.tests.test_users_admin.TestActivation" name="test_reactivate_restores" time="0.401" /><testcase classname="backend.tests.test_users_admin.TestResetPassword" name="test_reset_and_login" time="0.857" /><testcase classname="backend.tests.test_users_admin.TestBranchIsolation" name="test_new_user_sees_only_assigned_active_branch" time="0.465" /><testcase classname="backend.tests.test_users_admin.TestAuthRegression" name="test_admin_login_me_refresh_logout" time="0.805" /></testsuite></testsuites>