<?xml version="1.0" encoding="utf-8"?><testsuites name="pytest tests"><testsuite name="pytest" errors="0" failures="0" skipped="0" tests="14" time="2.288" timestamp="2026-09-03T06:08:18.873186+00:00" hostname="agent-env-79124ac1-bee2-4d7b-9380-9d9bf9ec17e1"><testcase classname="tests.test_branches" name="test_list_branches_unauthenticated_401" time="0.237" /><testcase classname="tests.test_branches" name="test_get_branch_unauthenticated_401" time="0.535" /><testcase classname="tests.test_branches" name="test_super_admin_lists_all_branches" time="0.000" /><testcase classname="tests.test_branches" name="test_super_admin_gets_active_and_inactive" time="0.124" /><testcase classname="tests.test_branches" name="test_branch_admin_lists_only_assigned_active" time="0.432" /><testcase classname="tests.test_branches" name="test_branch_admin_get_own_active_200" time="0.079" /><testcase classname="tests.test_branches" name="test_branch_admin_get_own_inactive_404" time="0.070" /><testcase classname="tests.test_branches" name="test_branch_admin_get_non_member_active_404" time="0.069" /><testcase classname="tests.test_branches" name="test_staff_lists_only_assigned_active" time="0.385" /><testcase classname="tests.test_branches" name="test_staff_get_own_active_200" time="0.054" /><testcase classname="tests.test_branches" name="test_staff_get_own_inactive_404" time="0.052" /><testcase classname="tests.test_branches" name="test_staff_get_non_member_active_404" time="0.055" /><testcase classname="tests.test_branches" name="test_random_uuid_returns_404_for_non_super" time="0.072" /><testcase classname="tests.test_branches" name="test_invalid_uuid_format_returns_422" time="0.075" /></testsuite></testsuites>