<?xml version="1.0" encoding="utf-8"?><testsuites name="pytest tests"><testsuite name="pytest" errors="0" failures="0" skipped="0" tests="7" time="7.194" timestamp="2026-09-03T06:21:51.519794+00:00" hostname="agent-env-79124ac1-bee2-4d7b-9380-9d9bf9ec17e1"><testcase classname="backend.tests.test_change_password" name="test_change_password_requires_auth" time="0.147" /><testcase classname="backend.tests.test_change_password" name="test_change_password_wrong_current" time="0.629" /><testcase classname="backend.tests.test_change_password" name="test_change_password_too_short" time="0.615" /><testcase classname="backend.tests.test_change_password" name="test_change_password_no_number" time="0.637" /><testcase classname="backend.tests.test_change_password" name="test_change_password_no_letter" time="0.648" /><testcase classname="backend.tests.test_change_password" name="test_change_password_same_as_current" time="0.848" /><testcase classname="backend.tests.test_change_password" name="test_change_password_happy_path_and_relogin" time="3.611" /></testsuite></testsuites>