<?xml version="1.0" encoding="utf-8"?><testsuites name="pytest tests"><testsuite name="pytest" errors="0" failures="0" skipped="0" tests="10" time="4.981" timestamp="2026-09-03T05:45:03.173956+00:00" hostname="agent-env-79124ac1-bee2-4d7b-9380-9d9bf9ec17e1"><testcase classname="backend.tests.test_auth" name="test_login_success_sets_cookies_and_returns_safe_user" time="0.563" /><testcase classname="backend.tests.test_auth" name="test_login_invalid_password" time="0.384" /><testcase classname="backend.tests.test_auth" name="test_login_unknown_user" time="0.115" /><testcase classname="backend.tests.test_auth" name="test_me_without_cookie_returns_401" time="0.131" /><testcase classname="backend.tests.test_auth" name="test_me_with_cookie_returns_user" time="0.387" /><testcase classname="backend.tests.test_auth" name="test_refresh_issues_new_access_token" time="1.435" /><testcase classname="backend.tests.test_auth" name="test_refresh_without_cookie_returns_401" time="0.118" /><testcase classname="backend.tests.test_auth" name="test_logout_clears_cookies_and_me_returns_401" time="0.551" /><testcase classname="backend.tests.test_auth" name="test_inactive_user_rejected" time="1.214" /><testcase classname="backend.tests.test_auth" name="test_bcrypt_hash_format_in_db" time="0.030" /></testsuite></testsuites>